<?xml version="1.0" encoding="UTF-8"?>
<testsuite name="string1.SeeColorTest" tests="7" skipped="0" failures="0" errors="0" timestamp="2019-01-01T12:58:12" hostname="Artemass-MacBook-Pro.local" time="0.002">
  <properties/>
  <testcase name="whenEmptyStringIsPassedThenReturnEmptyString" classname="string1.SeeColorTest" time="0.001"/>
  <testcase name="whenStringIsPassedInContainsRedAtTheBeginningThenReturnRedAsStringValue" classname="string1.SeeColorTest" time="0.0"/>
  <testcase name="whenStringIsPassedInContainsBlueAtBeginningThenReturnBlueAsStringValue" classname="string1.SeeColorTest" time="0.0"/>
  <testcase name="whenStringPassedInContainsRedAtTheEndThenReturnEmptyString" classname="string1.SeeColorTest" time="0.0"/>
  <testcase name="whenStringPassedInDoesNotContainRedOrBlueValueThenReturnEmptyString" classname="string1.SeeColorTest" time="0.0"/>
  <testcase name="whenStringPassedInContainsBlueAtTheEndThenReturnEmptyString" classname="string1.SeeColorTest" time="0.0"/>
  <testcase name="whenStringPassedInHasLengthLessThan3ThenReturnEmptyString" classname="string1.SeeColorTest" time="0.0"/>
  <system-out><![CDATA[]]></system-out>
  <system-err><![CDATA[]]></system-err>
</testsuite>
