<?xml version="1.0" encoding="UTF-8"?>
<testsuite name="array1.FirstLast6Test" tests="4" skipped="0" failures="0" errors="0" timestamp="2019-01-01T12:58:12" hostname="Artemass-MacBook-Pro.local" time="0.001">
  <properties/>
  <testcase name="whenArrayPassedContains6AtTheEndThenReturnTrue" classname="array1.FirstLast6Test" time="0.001"/>
  <testcase name="whenArrayPassedContains6AtTheBeginningThenReturnTrue" classname="array1.FirstLast6Test" time="0.0"/>
  <testcase name="whenAnEmptyArrayIsPassedIsThenReturnFalse" classname="array1.FirstLast6Test" time="0.0"/>
  <testcase name="whenArrayPassedDoesNotHave6AtTheFirstIndexOrLastIndexThenReturnFalse" classname="array1.FirstLast6Test" time="0.0"/>
  <system-out><![CDATA[]]></system-out>
  <system-err><![CDATA[]]></system-err>
</testsuite>
