<?xml version="1.0" encoding="UTF-8"?>
<testsuite name="warmup1.Program9Test" tests="4" skipped="0" failures="0" errors="0" timestamp="2019-01-01T12:58:13" hostname="Artemass-MacBook-Pro.local" time="0.0">
  <properties/>
  <testcase name="whenNumbersAreInRangeOf10To20ThenReturnTheBiggerNumber" classname="warmup1.Program9Test" time="0.0"/>
  <testcase name="whenBothNumbersAreNotInRangeOf10To20ThenReturnZero" classname="warmup1.Program9Test" time="0.0"/>
  <testcase name="whenNegativeNumbersAreUsedThenConvertToPositiveValuesAndReturnBiggestNumberInRange" classname="warmup1.Program9Test" time="0.0"/>
  <testcase name="whenOneNumberIsInRangeOf10To20ThenReturnTheNumberInRange" classname="warmup1.Program9Test" time="0.0"/>
  <system-out><![CDATA[]]></system-out>
  <system-err><![CDATA[]]></system-err>
</testsuite>
