<?xml version="1.0" encoding="UTF-8"?>
<testsuite name="map1.MapABTest" tests="4" skipped="0" failures="0" errors="0" timestamp="2019-01-01T12:58:12" hostname="Artemass-MacBook-Pro.local" time="0.0">
  <properties/>
  <testcase name="whenMapWithKeyAIsPassedThenReturnMapAsIs" classname="map1.MapABTest" time="0.0"/>
  <testcase name="whenMapWithKeyBIsPassedThenReturnMapAsIs" classname="map1.MapABTest" time="0.0"/>
  <testcase name="whenAnEmptyMapIsPassedThenReturnAnEmptyMap" classname="map1.MapABTest" time="0.0"/>
  <testcase name="whenMapWithBothKeysAPlusBThenReturnMapWithAKeyABPlusTheNewConcatenatedValue" classname="map1.MapABTest" time="0.0"/>
  <system-out><![CDATA[]]></system-out>
  <system-err><![CDATA[]]></system-err>
</testsuite>
