<?xml version="1.0" encoding="UTF-8"?>
<testsuite name="string1.NonStartTest" tests="5" skipped="0" failures="0" errors="0" timestamp="2019-01-01T12:58:12" hostname="Artemass-MacBook-Pro.local" time="0.001">
  <properties/>
  <testcase name="whenStringPassedAreEmptyThenReturnAnEmptyStringValue" classname="string1.NonStartTest" time="0.0"/>
  <testcase name="whenFirstStringIsPassedAndTheOtherIsEmptyThenReturnPassedValueWithoutTheFirstChar" classname="string1.NonStartTest" time="0.001"/>
  <testcase name="whenSecondStringIsPassedAndTheOtherIsEmptyThenReturnPassedValueWithoutTheFirstChar" classname="string1.NonStartTest" time="0.0"/>
  <testcase name="whenStringsPassedInAreOfLength2ThenReturnStringWithoutTheirFirstChars" classname="string1.NonStartTest" time="0.0"/>
  <testcase name="whenStringsPassedAreLessThan1InLengthTheReturnStringAsIs" classname="string1.NonStartTest" time="0.0"/>
  <system-out><![CDATA[]]></system-out>
  <system-err><![CDATA[]]></system-err>
</testsuite>
