<?xml version="1.0" encoding="UTF-8"?>
<testsuite name="logic1.RedTicketTest" tests="4" skipped="0" failures="0" errors="0" timestamp="2019-01-01T12:58:12" hostname="Artemass-MacBook-Pro.local" time="0.0">
  <properties/>
  <testcase name="whenAllTheValuesAreDifferentFromEachOtherThenReturn0" classname="logic1.RedTicketTest" time="0.0"/>
  <testcase name="whenAllTheValuesAreTheSameButNot2_2_2ThenReturn5" classname="logic1.RedTicketTest" time="0.0"/>
  <testcase name="whenBothB_And_C_AreDifferentFromAThenReturn1" classname="logic1.RedTicketTest" time="0.0"/>
  <testcase name="whenAllTheValuesAre2ThenReturn10" classname="logic1.RedTicketTest" time="0.0"/>
  <system-out><![CDATA[]]></system-out>
  <system-err><![CDATA[]]></system-err>
</testsuite>
