<?xml version="1.0" encoding="UTF-8"?>
<testsuite name="map1.MapAB4Test" tests="5" skipped="0" failures="0" errors="0" timestamp="2019-01-01T12:58:12" hostname="Artemass-MacBook-Pro.local" time="0.002">
  <properties/>
  <testcase name="whenBothKeyAAndKeyBHaveValuesOfTheSameLengthThenReturnEmptyMap" classname="map1.MapAB4Test" time="0.0"/>
  <testcase name="whenKeyBHasAValueWithLongerLengthThanTheValueOfKeyAThenReturnMapWithKeyCAndWithValueOfKeyB" classname="map1.MapAB4Test" time="0.0"/>
  <testcase name="whenAnEmptyMapIsPassedThenReturnAnEmptyMap" classname="map1.MapAB4Test" time="0.0"/>
  <testcase name="whenKeyAIsPassedOnlyThenReturnMapAsIs" classname="map1.MapAB4Test" time="0.0"/>
  <testcase name="whenKeyAHasAValueWithLongerLengthThanTheValueOfKeyBThenReturnMapWithKeyCAndWithValueOfKeyA" classname="map1.MapAB4Test" time="0.0"/>
  <system-out><![CDATA[]]></system-out>
  <system-err><![CDATA[]]></system-err>
</testsuite>
