<?xml version="1.0" encoding="UTF-8"?>
<testsuite name="logic1.Old35Test" tests="3" skipped="0" failures="0" errors="0" timestamp="2019-01-01T12:58:12" hostname="Artemass-MacBook-Pro.local" time="0.001">
  <properties/>
  <testcase name="whenTheNumberPassedInIsAMultipleOfOnly3ThenReturnTrue" classname="logic1.Old35Test" time="0.0"/>
  <testcase name="whenTheNumberPassedInIsAMutipleFor3And5ThenReturnFalse" classname="logic1.Old35Test" time="0.0"/>
  <testcase name="whenTheNumberPassedInIsAMultipleOfOnly5ThenReturnTrue" classname="logic1.Old35Test" time="0.0"/>
  <system-out><![CDATA[]]></system-out>
  <system-err><![CDATA[]]></system-err>
</testsuite>
