<?xml version="1.0" encoding="UTF-8"?>
<testsuite name="logic1.TeenSumTest" tests="3" skipped="0" failures="0" errors="0" timestamp="2019-01-01T12:58:13" hostname="Artemass-MacBook-Pro.local" time="0.001">
  <properties/>
  <testcase name="whenTheRightIntegersPassedInContainsATeenValueThenReturn19" classname="logic1.TeenSumTest" time="0.0"/>
  <testcase name="whenTheLeftIntegersPassedInContainsATeenValueThenReturn19" classname="logic1.TeenSumTest" time="0.0"/>
  <testcase name="whenTwoIntegersArePassedInThenReturnTheirSum" classname="logic1.TeenSumTest" time="0.0"/>
  <system-out><![CDATA[]]></system-out>
  <system-err><![CDATA[]]></system-err>
</testsuite>
