<?xml version="1.0" encoding="UTF-8"?>
<testsuite name="warmup2.StringTimesTest" tests="6" skipped="0" failures="0" errors="0" timestamp="2019-01-01T12:58:12" hostname="Artemass-MacBook-Pro.local" time="0.002">
  <properties/>
  <testcase name="whenEmptyStringIsPassedThenReturnEmptyString" classname="warmup2.StringTimesTest" time="0.0"/>
  <testcase name="whenNonNegative2IsPassedThenReturn2StringCopies" classname="warmup2.StringTimesTest" time="0.0"/>
  <testcase name="whenNonNegative0IsPassedThenReturnEmptyString" classname="warmup2.StringTimesTest" time="0.0"/>
  <testcase name="whenNonNegative5IsPassedThenReturn5StringCopies" classname="warmup2.StringTimesTest" time="0.0"/>
  <testcase name="whenNonNegative1IsPassedThenReturnSameStringCopy" classname="warmup2.StringTimesTest" time="0.0"/>
  <testcase name="whenNonNegative3IsPassedThenReturn3StringCopies" classname="warmup2.StringTimesTest" time="0.0"/>
  <system-out><![CDATA[]]></system-out>
  <system-err><![CDATA[]]></system-err>
</testsuite>
