<?xml version="1.0" encoding="UTF-8"?>
<testsuite name="functional1.MoreYTest" tests="2" skipped="0" failures="0" errors="0" timestamp="2019-01-01T12:58:12" hostname="Artemass-MacBook-Pro.local" time="0.001">
  <properties/>
  <testcase name="whenAStringInAListIsPassedThenReturn_YY_AtTheStartAndEnd" classname="functional1.MoreYTest" time="0.001"/>
  <testcase name="whenAnEmptyListIsPassedThenReturn_YY" classname="functional1.MoreYTest" time="0.0"/>
  <system-out><![CDATA[]]></system-out>
  <system-err><![CDATA[]]></system-err>
</testsuite>
