<?xml version="1.0" encoding="UTF-8"?>
<testsuite name="string1.TwoCharTest" tests="5" skipped="0" failures="0" errors="0" timestamp="2019-01-01T12:58:12" hostname="Artemass-MacBook-Pro.local" time="0.002">
  <properties/>
  <testcase name="whenStringJavaIsPassedAndHasLength4AndIndex3TheReturnTheFirstTwoChars" classname="string1.TwoCharTest" time="0.001"/>
  <testcase name="whenStringJavaIsPassedAndHasLength4AndIndex2ThenReturnVA" classname="string1.TwoCharTest" time="0.0"/>
  <testcase name="whenStringPassedInHasLength1ThenReturnEmptyString" classname="string1.TwoCharTest" time="0.0"/>
  <testcase name="whenStringPassedInHasLength2AndIndexIs0ThenReturnStringAsIs" classname="string1.TwoCharTest" time="0.001"/>
  <testcase name="whenAnEmptyStringIsPassedThenReturnEmptyValue" classname="string1.TwoCharTest" time="0.0"/>
  <system-out><![CDATA[]]></system-out>
  <system-err><![CDATA[]]></system-err>
</testsuite>
