<?xml version="1.0" encoding="UTF-8"?>
<testsuite name="string1.TheEndTest" tests="5" skipped="0" failures="0" errors="0" timestamp="2019-01-01T12:58:12" hostname="Artemass-MacBook-Pro.local" time="0.001">
  <properties/>
  <testcase name="whenStringPassedHasLengthMoreThan1ThenReturnLastCharacterIfFrontIsSetToFalse" classname="string1.TheEndTest" time="0.0"/>
  <testcase name="whenStringIsEmptyThenReturnEmptyValue" classname="string1.TheEndTest" time="0.0"/>
  <testcase name="whenStringPassedHasLengthMoreThan1ThenReturnFrontCharacterIfFrontIsSetToTrue" classname="string1.TheEndTest" time="0.0"/>
  <testcase name="whenStringPassedHasLength1AndFrontIsSetToTrueThenReturnValue" classname="string1.TheEndTest" time="0.0"/>
  <testcase name="whenStringPassedHasLength1AndFrontIsSetToFalseThenReturnValue" classname="string1.TheEndTest" time="0.0"/>
  <system-out><![CDATA[]]></system-out>
  <system-err><![CDATA[]]></system-err>
</testsuite>
