<?xml version="1.0" encoding="UTF-8"?>
<testsuite name="string1.FrontAgainTest" tests="4" skipped="0" failures="0" errors="0" timestamp="2019-01-01T12:58:12" hostname="Artemass-MacBook-Pro.local" time="0.001">
  <properties/>
  <testcase name="whenStringPassedInContainsEdAtTheFrontAndBackThenReturnTrue" classname="string1.FrontAgainTest" time="0.0"/>
  <testcase name="whenStringPassedInIsLength1ThenReturnStringAsIs" classname="string1.FrontAgainTest" time="0.0"/>
  <testcase name="whenEmptyStringInPassedInThenReturnFalse" classname="string1.FrontAgainTest" time="0.001"/>
  <testcase name="whenStringPassedInContainsEdAtTheFrontAndBackAndIsLength2ThenReturnTrue" classname="string1.FrontAgainTest" time="0.0"/>
  <system-out><![CDATA[]]></system-out>
  <system-err><![CDATA[]]></system-err>
</testsuite>
