<?xml version="1.0" encoding="UTF-8"?>
<testsuite name="warmup1.Program3Test" tests="5" skipped="0" failures="0" errors="0" timestamp="2019-01-01T12:58:13" hostname="Artemass-MacBook-Pro.local" time="0.001">
  <properties/>
  <testcase name="whenStringStartsDelAtAnyIndexThan1ThenRetunWordAsIs" classname="warmup1.Program3Test" time="0.0"/>
  <testcase name="whenNullParameterisPassedInThenReturnNull" classname="warmup1.Program3Test" time="0.001"/>
  <testcase name="whenStringContainsNoDelThenReturnWordAsIs" classname="warmup1.Program3Test" time="0.0"/>
  <testcase name="whenStringLengthIsLessThan3ThenReturnStringAsIs" classname="warmup1.Program3Test" time="0.0"/>
  <testcase name="whenStringDelAppearsAtIndex1ThenReturnAStringWhereThatDelIsDeleted" classname="warmup1.Program3Test" time="0.0"/>
  <system-out><![CDATA[]]></system-out>
  <system-err><![CDATA[]]></system-err>
</testsuite>
