<?xml version="1.0" encoding="UTF-8"?>
<testsuite name="warmup2.DoubleXTest" tests="6" skipped="0" failures="0" errors="0" timestamp="2019-01-01T12:58:12" hostname="Artemass-MacBook-Pro.local" time="0.001">
  <properties/>
  <testcase name="whenFirstInstanceOfStringContainsXXThenReturnTrue" classname="warmup2.DoubleXTest" time="0.0"/>
  <testcase name="whenAnNonEmptyStringIsPassedReturnTrue" classname="warmup2.DoubleXTest" time="0.0"/>
  <testcase name="whenFirstInstanceOfStringDoesNotContainXXThenReturnFalse" classname="warmup2.DoubleXTest" time="0.0"/>
  <testcase name="whenStringDoesNotContainXXThenReturnFalse" classname="warmup2.DoubleXTest" time="0.0"/>
  <testcase name="whenAnEmptyStringIsPassedThenReturnEmptyValue" classname="warmup2.DoubleXTest" time="0.0"/>
  <testcase name="whenLastInstanceOfStringContainsXXThenReturnFalse" classname="warmup2.DoubleXTest" time="0.0"/>
  <system-out><![CDATA[]]></system-out>
  <system-err><![CDATA[]]></system-err>
</testsuite>
