<?xml version="1.0" encoding="UTF-8"?>
<testsuite name="string1.WithoutEndTest" tests="4" skipped="0" failures="0" errors="0" timestamp="2019-01-01T12:58:12" hostname="Artemass-MacBook-Pro.local" time="0.001">
  <properties/>
  <testcase name="whenStringOfLength2IsPassedThenReturnEmptyString" classname="string1.WithoutEndTest" time="0.001"/>
  <testcase name="whenStringLengthIsLessThan2ThenReturnStringAsIs" classname="string1.WithoutEndTest" time="0.0"/>
  <testcase name="whenEmptyStringIsPassedInThenReturnEmptyStringValue" classname="string1.WithoutEndTest" time="0.0"/>
  <testcase name="whenStringIsPassedAndLengthIsGreaterThan2ThenReturnStringWithoutFirstAndLastIndex" classname="string1.WithoutEndTest" time="0.0"/>
  <system-out><![CDATA[]]></system-out>
  <system-err><![CDATA[]]></system-err>
</testsuite>
