<?xml version="1.0" encoding="UTF-8"?>
<testsuite name="string1.MinCatTest" tests="6" skipped="0" failures="0" errors="0" timestamp="2019-01-01T12:58:12" hostname="Artemass-MacBook-Pro.local" time="0.002">
  <properties/>
  <testcase name="whenRightStringPassedIsBiggerInLenthThenOmitCharsFromTheRightString" classname="string1.MinCatTest" time="0.0"/>
  <testcase name="whenOnlyTheLeftStringIsPassedThenReturnEmptyString" classname="string1.MinCatTest" time="0.0"/>
  <testcase name="whenBothStringsPassedAreEqualToEachOtherThenReturnAConcatenatedString" classname="string1.MinCatTest" time="0.0"/>
  <testcase name="whenOnlyTheRightStringIsPassedThenReturnEmptyString" classname="string1.MinCatTest" time="0.0"/>
  <testcase name="whenEmptyStringsIsPassedThenReturnEmptyValue" classname="string1.MinCatTest" time="0.0"/>
  <testcase name="whenLeftStringPassedIsBiggerInLenthThenOmitCharsFromTheLeftString" classname="string1.MinCatTest" time="0.001"/>
  <system-out><![CDATA[]]></system-out>
  <system-err><![CDATA[]]></system-err>
</testsuite>
