<?xml version="1.0" encoding="UTF-8"?>
<testsuite name="warmup2.StringBitsTest" tests="5" skipped="0" failures="0" errors="0" timestamp="2019-01-01T12:58:12" hostname="Artemass-MacBook-Pro.local" time="0.001">
  <properties/>
  <testcase name="whenEmptyStringIsPassedThenReturnEmptyString" classname="warmup2.StringBitsTest" time="0.0"/>
  <testcase name="whenA2CharStringIsPassedThenReturnTheFirstCharacter" classname="warmup2.StringBitsTest" time="0.001"/>
  <testcase name="whenAHeeololeoStringIsPassedThenReturnTheEvenCharacters" classname="warmup2.StringBitsTest" time="0.0"/>
  <testcase name="whenHelloStringIsPassedThenReturn" classname="warmup2.StringBitsTest" time="0.0"/>
  <testcase name="whenStringIsNullThenReturnEmptyString" classname="warmup2.StringBitsTest" time="0.0"/>
  <system-out><![CDATA[]]></system-out>
  <system-err><![CDATA[]]></system-err>
</testsuite>
