<?xml version="1.0" encoding="UTF-8"?>
<testsuite name="string1.FirstTwoTest" tests="4" skipped="0" failures="0" errors="0" timestamp="2019-01-01T12:58:12" hostname="Artemass-MacBook-Pro.local" time="0.0">
  <properties/>
  <testcase name="whenEmptyStringIsPassedInThenReturnEmptyString" classname="string1.FirstTwoTest" time="0.0"/>
  <testcase name="whenStringPassedIsLength1ThenReturnStringAsIs" classname="string1.FirstTwoTest" time="0.0"/>
  <testcase name="whenStringPassedIsLength2ThenReturnTheTwoChars" classname="string1.FirstTwoTest" time="0.0"/>
  <testcase name="whenStringPassedHasLengthMoreThan3ThenReturnFirst2CharsOfTheString" classname="string1.FirstTwoTest" time="0.0"/>
  <system-out><![CDATA[]]></system-out>
  <system-err><![CDATA[]]></system-err>
</testsuite>
