<?xml version="1.0" encoding="UTF-8"?>
<testsuite name="string2.EndOtherTest" tests="4" skipped="0" failures="0" errors="0" timestamp="2019-01-01T12:58:12" hostname="Artemass-MacBook-Pro.local" time="0.001">
  <properties/>
  <testcase name="whenTheRightStringPassedAppearsAtTheEndOfTheLeftStringThenReturnTrue" classname="string2.EndOtherTest" time="0.0"/>
  <testcase name="whenTheStringsPassedDoNotAppearInAnyOfTheOtherStringsThenReturnFalse" classname="string2.EndOtherTest" time="0.0"/>
  <testcase name="whenTheLeftStringPassedWithCapitalsAppearsAtTheEndOfTheRightStringThenReturnTrue" classname="string2.EndOtherTest" time="0.0"/>
  <testcase name="whenTheLeftStringPassedAppearsAtTheEndOfTheRightStringThenReturnTrue" classname="string2.EndOtherTest" time="0.0"/>
  <system-out><![CDATA[]]></system-out>
  <system-err><![CDATA[]]></system-err>
</testsuite>
