<?xml version="1.0" encoding="UTF-8"?>
<testsuite name="functional2.NoNegTest" tests="2" skipped="0" failures="0" errors="0" timestamp="2019-01-01T12:58:13" hostname="Artemass-MacBook-Pro.local" time="0.001">
  <properties/>
  <testcase name="whenMoreNumbersInAListAreLessThan_0_ThenReturnTheListMinusThoseNumbers" classname="functional2.NoNegTest" time="0.001"/>
  <testcase name="whenANumberInAListIsLessThan_0_ThenReturnTheListMinusThatNumber" classname="functional2.NoNegTest" time="0.0"/>
  <system-out><![CDATA[]]></system-out>
  <system-err><![CDATA[]]></system-err>
</testsuite>
