<?xml version="1.0" encoding="UTF-8"?>
<testsuite name="string1.Left2Test" tests="3" skipped="0" failures="0" errors="0" timestamp="2019-01-01T12:58:12" hostname="Artemass-MacBook-Pro.local" time="0.0">
  <properties/>
  <testcase name="whenEmptyStringIsPassedInThenReturnEmptyValueBack" classname="string1.Left2Test" time="0.0"/>
  <testcase name="whenStringPassedInIsOfLength1ThenReturnStringAsIs" classname="string1.Left2Test" time="0.0"/>
  <testcase name="whenTheStringIsNotEmptyThenReturnTheStringWithTheFirst2CharsAtTheEnd" classname="string1.Left2Test" time="0.0"/>
  <system-out><![CDATA[]]></system-out>
  <system-err><![CDATA[]]></system-err>
</testsuite>
