<?xml version="1.0" encoding="UTF-8"?>
<testsuite name="string1.Right2Test" tests="4" skipped="0" failures="0" errors="0" timestamp="2019-01-01T12:58:12" hostname="Artemass-MacBook-Pro.local" time="0.001">
  <properties/>
  <testcase name="whenStringPassedInIsBiggerThanLength2ThenReturnStringWithTheLast2CharsAtTheBeginning" classname="string1.Right2Test" time="0.0"/>
  <testcase name="whenStringPassedInIsOfLength1ThenReturnStringAsIs" classname="string1.Right2Test" time="0.0"/>
  <testcase name="whenStringPassedInIsEmptyThenReturnEmptyValue" classname="string1.Right2Test" time="0.0"/>
  <testcase name="whenStringPassedInIsLength2ThenReturnStringAsIs" classname="string1.Right2Test" time="0.0"/>
  <system-out><![CDATA[]]></system-out>
  <system-err><![CDATA[]]></system-err>
</testsuite>
