<?xml version="1.0" encoding="UTF-8"?>
<testsuite name="functional2.Two2Test" tests="1" skipped="0" failures="0" errors="0" timestamp="2019-01-01T12:58:13" hostname="Artemass-MacBook-Pro.local" time="0.002">
  <properties/>
  <testcase name="whenANumberInAListResultsIn_2_OrHasARightMostDigitOf_2_ThenOmitItFromTheList" classname="functional2.Two2Test" time="0.002"/>
  <system-out><![CDATA[]]></system-out>
  <system-err><![CDATA[]]></system-err>
</testsuite>
