<?xml version="1.0" encoding="UTF-8"?>
<testsuite name="logic1.InOrderTest" tests="5" skipped="0" failures="0" errors="0" timestamp="2019-01-01T12:58:13" hostname="Artemass-MacBook-Pro.local" time="0.001">
  <properties/>
  <testcase name="whenBIsLessThanAAndBOKIsTrueThenReturnTrue" classname="logic1.InOrderTest" time="0.0"/>
  <testcase name="whenCIsGreaterThanBAndBOKIsFalseThenReturnTrue" classname="logic1.InOrderTest" time="0.0"/>
  <testcase name="whenBIsGreaterThanAAndBOKIsFalseThenReturnTrue" classname="logic1.InOrderTest" time="0.0"/>
  <testcase name="whenCIsLessThanBAndBOKIsFalseThenReturnFalse" classname="logic1.InOrderTest" time="0.0"/>
  <testcase name="whenBIsLessThanAAndBOKIsFalseThenReturnFalse" classname="logic1.InOrderTest" time="0.0"/>
  <system-out><![CDATA[]]></system-out>
  <system-err><![CDATA[]]></system-err>
</testsuite>
