<?xml version="1.0" encoding="UTF-8"?>
<testsuite name="functional2.NoTeenTest" tests="2" skipped="0" failures="0" errors="0" timestamp="2019-01-01T12:58:13" hostname="Artemass-MacBook-Pro.local" time="0.001">
  <properties/>
  <testcase name="whenANumberInTheListIsBetween_13_And_19_ThenReturnAnEmptyList" classname="functional2.NoTeenTest" time="0.001"/>
  <testcase name="whenSomeNumbersInAListAreBetween_13_And_19_ThenReturnAListMinusThoseNumbers" classname="functional2.NoTeenTest" time="0.0"/>
  <system-out><![CDATA[]]></system-out>
  <system-err><![CDATA[]]></system-err>
</testsuite>
