<?xml version="1.0" encoding="UTF-8"?>
<testsuite name="warmup2.StringXTest" tests="6" skipped="0" failures="0" errors="0" timestamp="2019-01-01T12:58:12" hostname="Artemass-MacBook-Pro.local" time="0.001">
  <properties/>
  <testcase name="whenEmptyStringIsPassedThenReturnEmptyString" classname="warmup2.StringXTest" time="0.0"/>
  <testcase name="whenStringPassedDoesNotContainXThenReturnStringAsIs" classname="warmup2.StringXTest" time="0.0"/>
  <testcase name="whenStringPassedContainsXAtTheEndIndexThenTrimAllTheXAndReturnNewString" classname="warmup2.StringXTest" time="0.001"/>
  <testcase name="whenStringPassedContainsXAtTheBeginningIndexThenTrimAllTheXAndReturnNewString" classname="warmup2.StringXTest" time="0.0"/>
  <testcase name="whenASingleStringXIsPassedInThenReturnSingleStringBack" classname="warmup2.StringXTest" time="0.0"/>
  <testcase name="whenStringPassedDoesNotContainXAtTheBeginningIndexThenTrimAllTheXAndReturnNewString" classname="warmup2.StringXTest" time="0.0"/>
  <system-out><![CDATA[]]></system-out>
  <system-err><![CDATA[]]></system-err>
</testsuite>
