<?xml version="1.0" encoding="UTF-8"?>
<testsuite name="array1.Start1Test" tests="4" skipped="0" failures="0" errors="0" timestamp="2019-01-01T12:58:12" hostname="Artemass-MacBook-Pro.local" time="0.0">
  <properties/>
  <testcase name="whenTheLeftArrayContains1AsTheFirstIndexValueThenReturn1" classname="array1.Start1Test" time="0.0"/>
  <testcase name="whenBothArraysContain1AsTheFirstIndexValueThenReturn2" classname="array1.Start1Test" time="0.0"/>
  <testcase name="whenTheRightArrayContains1AsTheFirstIndexValueThenReturn1" classname="array1.Start1Test" time="0.0"/>
  <testcase name="whenEmptyArraysArePassedInTheReturn0" classname="array1.Start1Test" time="0.0"/>
  <system-out><![CDATA[]]></system-out>
  <system-err><![CDATA[]]></system-err>
</testsuite>
