<?xml version="1.0" encoding="UTF-8"?>
<testsuite name="array1.FrontPeiceTest" tests="4" skipped="0" failures="0" errors="0" timestamp="2019-01-01T12:58:12" hostname="Artemass-MacBook-Pro.local" time="0.001">
  <properties/>
  <testcase name="whenAnEmptyArrayIsPassedThenReturnAnEmptyArray" classname="array1.FrontPeiceTest" time="0.001"/>
  <testcase name="whenAnArrayOfLengthGreaterThan2ThenReturnTheFirstTwoElementsOfTheArray" classname="array1.FrontPeiceTest" time="0.0"/>
  <testcase name="whenAnArrayOfLength2IsPassedThenReturnTheArrayAsIs" classname="array1.FrontPeiceTest" time="0.0"/>
  <testcase name="whenAnArrayOfLength1IsPassedThenReturnTheArrayValueAsIs" classname="array1.FrontPeiceTest" time="0.0"/>
  <system-out><![CDATA[]]></system-out>
  <system-err><![CDATA[]]></system-err>
</testsuite>
