<?xml version="1.0" encoding="UTF-8"?>
<testsuite name="functional2.NoZTest" tests="2" skipped="0" failures="0" errors="0" timestamp="2019-01-01T12:58:13" hostname="Artemass-MacBook-Pro.local" time="0.002">
  <properties/>
  <testcase name="whenAListOfStringPassedContains_Z_ThenReturnAListMinusThoseStrings" classname="functional2.NoZTest" time="0.002"/>
  <testcase name="whenAStringInAListContains_Z_ThenReturnAnEmptyList" classname="functional2.NoZTest" time="0.0"/>
  <system-out><![CDATA[]]></system-out>
  <system-err><![CDATA[]]></system-err>
</testsuite>
