<?xml version="1.0" encoding="UTF-8"?>
<testsuite name="map1.MapBullyTest" tests="6" skipped="0" failures="0" errors="0" timestamp="2019-01-01T12:58:12" hostname="Artemass-MacBook-Pro.local" time="0.002">
  <properties/>
  <testcase name="whenAnEmptyMapIsPassedThenReturnEmptyMap" classname="map1.MapBullyTest" time="0.001"/>
  <testcase name="whenKeyAWithValueIsPassedThenReturnBWithValueOfA" classname="map1.MapBullyTest" time="0.0"/>
  <testcase name="artyTest3" classname="map1.MapBullyTest" time="0.001"/>
  <testcase name="artyTest4" classname="map1.MapBullyTest" time="0.0"/>
  <testcase name="artyTest5" classname="map1.MapBullyTest" time="0.0"/>
  <testcase name="whenKeyAIsPassedWithNoValueThenReturnMapAsIs" classname="map1.MapBullyTest" time="0.0"/>
  <system-out><![CDATA[]]></system-out>
  <system-err><![CDATA[]]></system-err>
</testsuite>
