<?xml version="1.0" encoding="UTF-8"?>
<testsuite name="map1.Topping1Test" tests="2" skipped="0" failures="0" errors="0" timestamp="2019-01-01T12:58:12" hostname="Artemass-MacBook-Pro.local" time="0.001">
  <properties/>
  <testcase name="whenMapPassedContainsKeyIceCreamThenReturnMapWithNewKeyValueCherryAndKeyBreadAndValueButter" classname="map1.Topping1Test" time="0.0"/>
  <testcase name="whenAnEmptyMapIsPassedThenReturnMapWithKeyBreadAndValueButter" classname="map1.Topping1Test" time="0.001"/>
  <system-out><![CDATA[]]></system-out>
  <system-err><![CDATA[]]></system-err>
</testsuite>
