<?xml version="1.0" encoding="UTF-8"?>
<testsuite name="string1.DeFrontTest" tests="6" skipped="0" failures="0" errors="0" timestamp="2019-01-01T12:58:12" hostname="Artemass-MacBook-Pro.local" time="0.001">
  <properties/>
  <testcase name="whenStringPassedInContainsAPlusBAsFirst2CharsThenReturnAB" classname="string1.DeFrontTest" time="0.0"/>
  <testcase name="whenStringIsPassedAndContainsAPlusBAtFirstThenReturnStringWithTheFirst2Chars" classname="string1.DeFrontTest" time="0.0"/>
  <testcase name="whenStringIsPassedAndDoesNotContainAPlusBAtFirstThenReturnStringWithoutTheFirst2Chars" classname="string1.DeFrontTest" time="0.0"/>
  <testcase name="whenTheSecondCharIsBThenReturnStringValueB" classname="string1.DeFrontTest" time="0.0"/>
  <testcase name="whenEmptyStringIsPassedThenReturnEmptyValue" classname="string1.DeFrontTest" time="0.0"/>
  <testcase name="whenFirstCharIsAThenReturnStringValueA" classname="string1.DeFrontTest" time="0.0"/>
  <system-out><![CDATA[]]></system-out>
  <system-err><![CDATA[]]></system-err>
</testsuite>
