<?xml version="1.0" encoding="UTF-8"?>
<testsuite name="warmup2.AltPairsTest" tests="6" skipped="0" failures="0" errors="0" timestamp="2019-01-01T12:58:12" hostname="Artemass-MacBook-Pro.local" time="0.001">
  <properties/>
  <testcase name="whenStringPassedHas6CharactersThenReturn0145" classname="warmup2.AltPairsTest" time="0.0"/>
  <testcase name="whenStringPassedHas3CharactersThenReturnFirstTwoStringsAsIs" classname="warmup2.AltPairsTest" time="0.0"/>
  <testcase name="whenStringIsEmptyThenReturnEmptyString" classname="warmup2.AltPairsTest" time="0.0"/>
  <testcase name="whenStringWithASingleCharacterIsPassedThenReturnTheStringAsIs" classname="warmup2.AltPairsTest" time="0.0"/>
  <testcase name="whenStringPassedHas12CharactersThenReturnIndex014589Values" classname="warmup2.AltPairsTest" time="0.0"/>
  <testcase name="whenStringPassedHas2CharactersThenReturnStringAsIs" classname="warmup2.AltPairsTest" time="0.0"/>
  <system-out><![CDATA[]]></system-out>
  <system-err><![CDATA[]]></system-err>
</testsuite>
