<?xml version="1.0" encoding="UTF-8"?>
<testsuite name="logic1.InEqualOrderTest" tests="5" skipped="0" failures="0" errors="0" timestamp="2019-01-01T12:58:13" hostname="Artemass-MacBook-Pro.local" time="0.0">
  <properties/>
  <testcase name="whenBothNumbersAreEqualAndTheLastNumberIsGreaterAndEqualOkIsTrueThenReturnTrue" classname="logic1.InEqualOrderTest" time="0.0"/>
  <testcase name="whenAllNumbersAreDecreasingOrderAndEqualOkIsFalseThenReturnFalse" classname="logic1.InEqualOrderTest" time="0.0"/>
  <testcase name="whenBothNumbersAreEqualAndTheLastNumberIsGreaterAndEqualOkIsFalseThenReturnFalse" classname="logic1.InEqualOrderTest" time="0.0"/>
  <testcase name="whenTheLastNumberIsSmallerThanTheMiddleNumberAndEqualOkIsFalseThenReturnFalse" classname="logic1.InEqualOrderTest" time="0.0"/>
  <testcase name="whenAllNumbersAreInIncreasingOrderAndEqualOkIsFalseThenReturnTrue" classname="logic1.InEqualOrderTest" time="0.0"/>
  <system-out><![CDATA[]]></system-out>
  <system-err><![CDATA[]]></system-err>
</testsuite>
