<?xml version="1.0" encoding="UTF-8"?>
<testsuite name="string1.MakeTagsTest" tests="4" skipped="0" failures="0" errors="0" timestamp="2019-01-01T12:58:12" hostname="Artemass-MacBook-Pro.local" time="0.001">
  <properties/>
  <testcase name="whenTagIsPassedButStringIsEmptyThenReturnStringWithTagsOnly" classname="string1.MakeTagsTest" time="0.0"/>
  <testcase name="whenWordIsPassedButTheTagStringIsEmptyThenReturnStringWithEmptyTagsOnly" classname="string1.MakeTagsTest" time="0.0"/>
  <testcase name="whenBothTagAndWordArePassedInThenReturnStringWithHtmlTag" classname="string1.MakeTagsTest" time="0.0"/>
  <testcase name="whenEmptyStringsArePassedThenReturnEmptyValue" classname="string1.MakeTagsTest" time="0.0"/>
  <system-out><![CDATA[]]></system-out>
  <system-err><![CDATA[]]></system-err>
</testsuite>
