<?xml version="1.0" encoding="UTF-8"?>
<testsuite name="logic1.SumLimitTest" tests="2" skipped="0" failures="0" errors="0" timestamp="2019-01-01T12:58:13" hostname="Artemass-MacBook-Pro.local" time="0.0">
  <properties/>
  <testcase name="whenTheSumHasMoreDigitsThan_A_ThenReturnAWithout_B_" classname="logic1.SumLimitTest" time="0.0"/>
  <testcase name="whenTheTwoValuesArePassedThenReturnTheSumIfItHasTheSameValueAs_a" classname="logic1.SumLimitTest" time="0.0"/>
  <system-out><![CDATA[]]></system-out>
  <system-err><![CDATA[]]></system-err>
</testsuite>
