<?xml version="1.0" encoding="UTF-8"?>
<testsuite name="array1.Sum2Test" tests="4" skipped="0" failures="0" errors="0" timestamp="2019-01-01T12:58:12" hostname="Artemass-MacBook-Pro.local" time="0.001">
  <properties/>
  <testcase name="whenAnArrayOfLengthMoreThanTwoIsPassedThenReturnTheSumOfTheFirstTwoElements" classname="array1.Sum2Test" time="0.001"/>
  <testcase name="whenAnEmptyArrayIsPassedThenReturn0" classname="array1.Sum2Test" time="0.0"/>
  <testcase name="whenAnArrayOfLengthOneIsPassedThenReturnArrayValueAsIs" classname="array1.Sum2Test" time="0.0"/>
  <testcase name="whenAnArrayOfLengthTwoIsPassedThenReturnTheSumOfTheTwoValues" classname="array1.Sum2Test" time="0.0"/>
  <system-out><![CDATA[]]></system-out>
  <system-err><![CDATA[]]></system-err>
</testsuite>
