<?xml version="1.0" encoding="UTF-8"?>
<testsuite name="string1.StartWordTest" tests="3" skipped="0" failures="0" errors="0" timestamp="2019-01-01T12:58:12" hostname="Artemass-MacBook-Pro.local" time="0.002">
  <properties/>
  <testcase name="whenAWordPassedHasMatchingCharsInTheStringThenReturnAStringMadeOfBoth" classname="string1.StartWordTest" time="0.002"/>
  <testcase name="whenAnEmptyStringAndAnEmptyWordArePassedThenReturnNothing" classname="string1.StartWordTest" time="0.0"/>
  <testcase name="whenAWordIsLength1ThenReturnTheStringFirstChar" classname="string1.StartWordTest" time="0.0"/>
  <system-out><![CDATA[]]></system-out>
  <system-err><![CDATA[]]></system-err>
</testsuite>
