<?xml version="1.0" encoding="UTF-8"?>
<testsuite name="string1.ExtraFrontTest" tests="3" skipped="0" failures="0" errors="0" timestamp="2019-01-01T12:58:12" hostname="Artemass-MacBook-Pro.local" time="0.001">
  <properties/>
  <testcase name="whenStringPassedInIsLength1ThenReturn3CopiesOfTheString" classname="string1.ExtraFrontTest" time="0.0"/>
  <testcase name="whenStringPassedInHasLengthGreaterThan1ThenReturn3CopiesOfTheFirst2Chars" classname="string1.ExtraFrontTest" time="0.0"/>
  <testcase name="whenAnEmptyStringIsPassedThenReturnAnEmptyValue" classname="string1.ExtraFrontTest" time="0.0"/>
  <system-out><![CDATA[]]></system-out>
  <system-err><![CDATA[]]></system-err>
</testsuite>
