<?xml version="1.0" encoding="UTF-8"?>
<testsuite name="warmup2.Array123Test" tests="4" skipped="0" failures="0" errors="0" timestamp="2019-01-01T12:58:12" hostname="Artemass-MacBook-Pro.local" time="0.0">
  <properties/>
  <testcase name="whenArrayContains12And3ThenReturnTrue" classname="warmup2.Array123Test" time="0.0"/>
  <testcase name="whenArrayContainsMultipla12And3ThenReturnTrue" classname="warmup2.Array123Test" time="0.0"/>
  <testcase name="whenArrayDoesNotContain12And3ThenReturnFalse" classname="warmup2.Array123Test" time="0.0"/>
  <testcase name="whenArrayIsEmptyThenReturnFalse" classname="warmup2.Array123Test" time="0.0"/>
  <system-out><![CDATA[]]></system-out>
  <system-err><![CDATA[]]></system-err>
</testsuite>
