<?xml version="1.0" encoding="UTF-8"?>
<testsuite name="string1.ConCatTest" tests="4" skipped="0" failures="0" errors="0" timestamp="2019-01-01T12:58:12" hostname="Artemass-MacBook-Pro.local" time="0.001">
  <properties/>
  <testcase name="whenEmptyStringsArePassedInThenReturnEmptyValues" classname="string1.ConCatTest" time="0.0"/>
  <testcase name="whenRightStringIsPassedThenReturnRightConcatenatedString" classname="string1.ConCatTest" time="0.0"/>
  <testcase name="whenLeftStringIsPassedThenReturnLeftConcatenatedString" classname="string1.ConCatTest" time="0.0"/>
  <testcase name="whenStringsArePassedInThenReturnConcatenatedString" classname="string1.ConCatTest" time="0.0"/>
  <system-out><![CDATA[]]></system-out>
  <system-err><![CDATA[]]></system-err>
</testsuite>
