<?xml version="1.0" encoding="UTF-8"?>
<testsuite name="warmup2.Has271Test" tests="6" skipped="0" failures="0" errors="0" timestamp="2019-01-01T12:58:12" hostname="Artemass-MacBook-Pro.local" time="0.001">
  <properties/>
  <testcase name="whenArrayHas271ThenReturnTrue" classname="warmup2.Has271Test" time="0.0"/>
  <testcase name="whenArrayDoesNotHave271ThenReturnFalse" classname="warmup2.Has271Test" time="0.0"/>
  <testcase name="whenArrayHas271AndLengthIs3ThenReturnTrue" classname="warmup2.Has271Test" time="0.0"/>
  <testcase name="whenArrayDoesNotHave271AndLengthIs3ThenReturnFalse" classname="warmup2.Has271Test" time="0.0"/>
  <testcase name="whenEmptyArrayIsPassedThenReturnFalse" classname="warmup2.Has271Test" time="0.0"/>
  <testcase name="whenArrayLengthIsLessThan3ThenReturnFalse" classname="warmup2.Has271Test" time="0.0"/>
  <system-out><![CDATA[]]></system-out>
  <system-err><![CDATA[]]></system-err>
</testsuite>
