<?xml version="1.0" encoding="UTF-8"?>
<testsuite name="map2.WordAppendTest" tests="3" skipped="0" failures="0" errors="0" timestamp="2019-01-01T12:58:12" hostname="Artemass-MacBook-Pro.local" time="0.0">
  <properties/>
  <testcase name="whenAnEmptyArrayIsPassedThenReturnAnEmptyString" classname="map2.WordAppendTest" time="0.0"/>
  <testcase name="whenAnArrayContainsWordsThatOccurTwiceThenReturnTheLetterAsAString" classname="map2.WordAppendTest" time="0.0"/>
  <testcase name="whenAnArrayContainsWordsThatOccurTwiceAndIsLengthMoreThan2ThenReturnTheLetterAsAString" classname="map2.WordAppendTest" time="0.0"/>
  <system-out><![CDATA[]]></system-out>
  <system-err><![CDATA[]]></system-err>
</testsuite>
