<?xml version="1.0" encoding="UTF-8"?>
<testsuite name="logic1.BlueTicketTest" tests="2" skipped="0" failures="0" errors="0" timestamp="2019-01-01T12:58:12" hostname="Artemass-MacBook-Pro.local" time="0.0">
  <properties/>
  <testcase name="when_AB_SumIsExactly10MoreThanEither_BC_Or_AC_ThenReturn5" classname="logic1.BlueTicketTest" time="0.0"/>
  <testcase name="whenAnyPairSumsToExactly10ThenReturn10" classname="logic1.BlueTicketTest" time="0.0"/>
  <system-out><![CDATA[]]></system-out>
  <system-err><![CDATA[]]></system-err>
</testsuite>
