<?xml version="1.0" encoding="UTF-8"?>
<testsuite name="string1.WithoutXTest" tests="5" skipped="0" failures="0" errors="0" timestamp="2019-01-01T12:58:12" hostname="Artemass-MacBook-Pro.local" time="0.002">
  <properties/>
  <testcase name="whenStringPassedInDoesNotContainAnyXValuesAtTheBeginningAndEndThenReturnAsIs" classname="string1.WithoutXTest" time="0.001"/>
  <testcase name="whenEmptyStringIsPassedThenReturnEmptyValue" classname="string1.WithoutXTest" time="0.0"/>
  <testcase name="whenStringXIsPassedThenReturnEmptyValue" classname="string1.WithoutXTest" time="0.0"/>
  <testcase name="whenStringPassedContainsXAtBothFirstCharAndLastCharThenReturnStringWithoutXs" classname="string1.WithoutXTest" time="0.0"/>
  <testcase name="whenStringPassedContainsTwoXXBothFrontAndBackThenReturnEmptyString" classname="string1.WithoutXTest" time="0.0"/>
  <system-out><![CDATA[]]></system-out>
  <system-err><![CDATA[]]></system-err>
</testsuite>
