<?xml version="1.0" encoding="UTF-8"?>
<testsuite name="warmup2.StringSplosionTest" tests="5" skipped="0" failures="0" errors="0" timestamp="2019-01-01T12:58:12" hostname="Artemass-MacBook-Pro.local" time="0.001">
  <properties/>
  <testcase name="whenNullStringIsPassedThenReturnEmptyString" classname="warmup2.StringSplosionTest" time="0.0"/>
  <testcase name="whenStringABIsPassedthenReturnStringAAB" classname="warmup2.StringSplosionTest" time="0.0"/>
  <testcase name="whenEmptyStringIsPassedTheReturnEmptyString" classname="warmup2.StringSplosionTest" time="0.0"/>
  <testcase name="whenStringCODEIsPassedInThenReturnStringCCoCodCode" classname="warmup2.StringSplosionTest" time="0.0"/>
  <testcase name="whenStringABCIsPassedInThenReturnStringAABABC" classname="warmup2.StringSplosionTest" time="0.0"/>
  <system-out><![CDATA[]]></system-out>
  <system-err><![CDATA[]]></system-err>
</testsuite>
