<?xml version="1.0" encoding="UTF-8"?>
<testsuite name="warmup1.Program8Test" tests="4" skipped="0" failures="0" errors="0" timestamp="2019-01-01T12:58:13" hostname="Artemass-MacBook-Pro.local" time="0.001">
  <properties/>
  <testcase name="whenNumbersAreNotInRangeOf30To40ThenReturnFalse" classname="warmup1.Program8Test" time="0.0"/>
  <testcase name="whenNumbersAreNotInRangeOf40To50ThenReturnFalse" classname="warmup1.Program8Test" time="0.0"/>
  <testcase name="whenTwoNumbersAreInRangeOf30To40ThenReturnTrue" classname="warmup1.Program8Test" time="0.0"/>
  <testcase name="whenNumbersAreInRangeOf40To50ThenReturnTrue" classname="warmup1.Program8Test" time="0.0"/>
  <system-out><![CDATA[]]></system-out>
  <system-err><![CDATA[]]></system-err>
</testsuite>
