<?xml version="1.0" encoding="UTF-8"?>
<testsuite name="array1.Make2Test" tests="6" skipped="0" failures="0" errors="0" timestamp="2019-01-01T12:58:12" hostname="Artemass-MacBook-Pro.local" time="0.002">
  <properties/>
  <testcase name="whenTheRightArrayHasNoValueThenReturnTheLeftArrayValue" classname="array1.Make2Test" time="0.001"/>
  <testcase name="whenAnEmptyArraysArePassedThenReturnEmptyArrays" classname="array1.Make2Test" time="0.0"/>
  <testcase name="whenLeftArrayHas2ElementsThenReturnLeftArrayValues" classname="array1.Make2Test" time="0.0"/>
  <testcase name="whenBothArraysHaveOneElementThenReturnBothElementsAsOneArray" classname="array1.Make2Test" time="0.0"/>
  <testcase name="whenTheLeftArrayHasNoValueThenReturnTheRightArrayValue" classname="array1.Make2Test" time="0.0"/>
  <testcase name="whenRightArrayHas2ElementsThenReturnRightArrayValues" classname="array1.Make2Test" time="0.0"/>
  <system-out><![CDATA[]]></system-out>
  <system-err><![CDATA[]]></system-err>
</testsuite>
