<?xml version="1.0" encoding="UTF-8"?>
<testsuite name="array1.MakeLastTest" tests="4" skipped="0" failures="0" errors="0" timestamp="2019-01-01T12:58:12" hostname="Artemass-MacBook-Pro.local" time="0.001">
  <properties/>
  <testcase name="whenAnArrayWithTwoValuesIsPassedThenReturnArrayAsExpected" classname="array1.MakeLastTest" time="0.0"/>
  <testcase name="whenAnArrayIsPassedAndContainsOneValueThenReturnAnArrayDoubleTheLengthWithItsLastElement" classname="array1.MakeLastTest" time="0.0"/>
  <testcase name="whenAnArrayWithThreeOrMoreValuesIsPassedThenReturnArrayAsExpected" classname="array1.MakeLastTest" time="0.001"/>
  <testcase name="whenAnEmptyArrayIsPassedThenReturnEmptyArray" classname="array1.MakeLastTest" time="0.0"/>
  <system-out><![CDATA[]]></system-out>
  <system-err><![CDATA[]]></system-err>
</testsuite>
