<?xml version="1.0" encoding="UTF-8"?>
<testsuite name="string1.AtFirstTest" tests="4" skipped="0" failures="0" errors="0" timestamp="2019-01-01T12:58:12" hostname="Artemass-MacBook-Pro.local" time="0.0">
  <properties/>
  <testcase name="whenStringPassedInHasLengthMoreThan2ThenReturnTheFirst2Chars" classname="string1.AtFirstTest" time="0.0"/>
  <testcase name="whenStringPassedInHasLength2ThenReturnStringAsIs" classname="string1.AtFirstTest" time="0.0"/>
  <testcase name="whenStringPassedInHasLength1ThenReturnTheStringWithTheATSymbol" classname="string1.AtFirstTest" time="0.0"/>
  <testcase name="whenAnEmptyStringIsPassedThenReturnDoubleATSymbols" classname="string1.AtFirstTest" time="0.0"/>
  <system-out><![CDATA[]]></system-out>
  <system-err><![CDATA[]]></system-err>
</testsuite>
