<?xml version="1.0" encoding="UTF-8"?>
<testsuite name="array1.MakeMiddleTest" tests="4" skipped="0" failures="0" errors="0" timestamp="2019-01-01T12:58:12" hostname="Artemass-MacBook-Pro.local" time="0.0">
  <properties/>
  <testcase name="whenAnEvenArrayIsPassedThenReturnTheTwoMiddleValuesAsAnArray" classname="array1.MakeMiddleTest" time="0.0"/>
  <testcase name="whenAnEvenArrayContainingTwoElementsIsPassedThenReturnTheTwoMiddleValues" classname="array1.MakeMiddleTest" time="0.0"/>
  <testcase name="whenAnEmptyArrayIsPassedThenReturnAnEmptyArray" classname="array1.MakeMiddleTest" time="0.0"/>
  <testcase name="whenAnArrayThatIsOddIsPassedThenReturnArrayAsIs" classname="array1.MakeMiddleTest" time="0.0"/>
  <system-out><![CDATA[]]></system-out>
  <system-err><![CDATA[]]></system-err>
</testsuite>
