<?xml version="1.0" encoding="UTF-8"?>
<testsuite name="array1.RotateLeft3Test" tests="2" skipped="0" failures="0" errors="0" timestamp="2019-01-01T12:58:12" hostname="Artemass-MacBook-Pro.local" time="0.0">
  <properties/>
  <testcase name="whenArrayOfLength3IsPassedThenRotateAllElementsToTheLeft" classname="array1.RotateLeft3Test" time="0.0"/>
  <testcase name="whenAnEmptyArrayIsPassedThenReturnAndEmptyArray" classname="array1.RotateLeft3Test" time="0.0"/>
  <system-out><![CDATA[]]></system-out>
  <system-err><![CDATA[]]></system-err>
</testsuite>
