<?xml version="1.0" encoding="UTF-8"?>
<testsuite name="logic2.LuckySumTest" tests="4" skipped="0" failures="0" errors="0" timestamp="2019-01-01T12:58:12" hostname="Artemass-MacBook-Pro.local" time="0.001">
  <properties/>
  <testcase name="whenTheLastNumberIsEqualTo13ThenReturnTheSumOfTheFirstTwoNumbers" classname="logic2.LuckySumTest" time="0.0"/>
  <testcase name="whenTheFirstNumberIsEqualTo13ThenReturnZero" classname="logic2.LuckySumTest" time="0.0"/>
  <testcase name="whenAllTheNumbersAreNot13ThenReturnTheSumOfAllNumbers" classname="logic2.LuckySumTest" time="0.0"/>
  <testcase name="whenTheSecondNumberIsEqualTo13TheReturnTheFirstNumberOnly" classname="logic2.LuckySumTest" time="0.001"/>
  <system-out><![CDATA[]]></system-out>
  <system-err><![CDATA[]]></system-err>
</testsuite>
