<?xml version="1.0" encoding="UTF-8"?>
<testsuite name="warmup2.ArrayCount99Test" tests="5" skipped="0" failures="0" errors="0" timestamp="2019-01-01T12:58:12" hostname="Artemass-MacBook-Pro.local" time="0.001">
  <properties/>
  <testcase name="whenArrayContainsThree9sThenReturnCountEqualsToThree" classname="warmup2.ArrayCount99Test" time="0.0"/>
  <testcase name="whenArrayDoesNotContainAny9sThenReturnCountEqualsToZero" classname="warmup2.ArrayCount99Test" time="0.0"/>
  <testcase name="whenArrayContainOne9ThenReturnCountEqualsToOne" classname="warmup2.ArrayCount99Test" time="0.0"/>
  <testcase name="whenEmptyArrayIsPassedThenReturnZero" classname="warmup2.ArrayCount99Test" time="0.0"/>
  <testcase name="whenArrayContainsTwo9sThenReturnCountEqualsToTwo" classname="warmup2.ArrayCount99Test" time="0.0"/>
  <system-out><![CDATA[]]></system-out>
  <system-err><![CDATA[]]></system-err>
</testsuite>
