<?xml version="1.0" encoding="UTF-8"?>
<testsuite name="string1.EndsLyTest" tests="4" skipped="0" failures="0" errors="0" timestamp="2019-01-01T12:58:12" hostname="Artemass-MacBook-Pro.local" time="0.0">
  <properties/>
  <testcase name="whenStringPassedInDoesNotContainLYAndLengthIsLessThan1ThenReturnFalse" classname="string1.EndsLyTest" time="0.0"/>
  <testcase name="whenStringPassedInDoesNotContainLYThenReturnFalse" classname="string1.EndsLyTest" time="0.0"/>
  <testcase name="whenStringPassedInDoesContainLYThenReturnFalse" classname="string1.EndsLyTest" time="0.0"/>
  <testcase name="whenEmptyStringIsPassedThenReturnEmptyValue" classname="string1.EndsLyTest" time="0.0"/>
  <system-out><![CDATA[]]></system-out>
  <system-err><![CDATA[]]></system-err>
</testsuite>
