<?xml version="1.0" encoding="UTF-8"?>
<testsuite name="functional1.SquareTest" tests="3" skipped="0" failures="0" errors="0" timestamp="2019-01-01T12:58:12" hostname="Artemass-MacBook-Pro.local" time="0.001">
  <properties/>
  <testcase name="whenANumberInTheListIsPassedThenReturnTheNumberSquared" classname="functional1.SquareTest" time="0.001"/>
  <testcase name="whenAListIsPassedThenReturnTheNumbersSquared" classname="functional1.SquareTest" time="0.0"/>
  <testcase name="whenAnEmptyListIsPassedThenReturnTheListAsIs" classname="functional1.SquareTest" time="0.0"/>
  <system-out><![CDATA[]]></system-out>
  <system-err><![CDATA[]]></system-err>
</testsuite>
