<?xml version="1.0" encoding="UTF-8"?>
<testsuite name="string2.CatDogTest" tests="4" skipped="0" failures="0" errors="0" timestamp="2019-01-01T12:58:12" hostname="Artemass-MacBook-Pro.local" time="0.001">
  <properties/>
  <testcase name="whenCatDogAppearsInTheStringPassedThenReturnTrue" classname="string2.CatDogTest" time="0.0"/>
  <testcase name="whenStringPassedContainsCatTwiceAndDogOnceThenReturnFalse" classname="string2.CatDogTest" time="0.001"/>
  <testcase name="whenCatDogDoesNotAppearInTheStringPassedThenReturnFalse" classname="string2.CatDogTest" time="0.0"/>
  <testcase name="whenAnEmptyStringIsPassedThenReturnTrue" classname="string2.CatDogTest" time="0.0"/>
  <system-out><![CDATA[]]></system-out>
  <system-err><![CDATA[]]></system-err>
</testsuite>
