<?xml version="1.0" encoding="UTF-8"?>
<testsuite name="array1.Unlucky1Test" tests="6" skipped="0" failures="0" errors="0" timestamp="2019-01-01T12:58:12" hostname="Artemass-MacBook-Pro.local" time="0.001">
  <properties/>
  <testcase name="whenAnArrayOfLength2IsPassedThenReturnFalseIf1IsNotFollowedBy3" classname="array1.Unlucky1Test" time="0.001"/>
  <testcase name="whenAnArrayContains1FollowedBy3AtTheLastPositionsInTheArrayThenReturnTrue" classname="array1.Unlucky1Test" time="0.0"/>
  <testcase name="whenAnArrayOfLength2IsPassedThenReturnTrueIf1IsFollowedBy3" classname="array1.Unlucky1Test" time="0.0"/>
  <testcase name="whenAnEmptyArrayIsPassedThenReturnFalse" classname="array1.Unlucky1Test" time="0.0"/>
  <testcase name="whenAnArrayOfLength1IsPassedThenReturnFalse" classname="array1.Unlucky1Test" time="0.0"/>
  <testcase name="whenAnArrayOfLength3OrMoreIsPassedThenReturnTrueIf1IsFollowedBy3FromTheFirst2Positions" classname="array1.Unlucky1Test" time="0.0"/>
  <system-out><![CDATA[]]></system-out>
  <system-err><![CDATA[]]></system-err>
</testsuite>
