<?xml version="1.0" encoding="UTF-8"?>
<testsuite name="array1.MakePiTest" tests="1" skipped="0" failures="0" errors="0" timestamp="2019-01-01T12:58:12" hostname="Artemass-MacBook-Pro.local" time="0.002">
  <properties/>
  <testcase name="whenMethodIsCalledThenReturnPIValue314" classname="array1.MakePiTest" time="0.002"/>
  <system-out><![CDATA[]]></system-out>
  <system-err><![CDATA[]]></system-err>
</testsuite>
