<?xml version="1.0" encoding="UTF-8"?>
<testsuite name="functional1.DoublingTest" tests="3" skipped="0" failures="0" errors="0" timestamp="2019-01-01T12:58:12" hostname="Artemass-MacBook-Pro.local" time="0.001">
  <properties/>
  <testcase name="whenAListContaining_1_2_3_ThenReturn_2_4_6" classname="functional1.DoublingTest" time="0.0"/>
  <testcase name="whenANumberIsPassedThenReturnTheNumberMultiplied" classname="functional1.DoublingTest" time="0.0"/>
  <testcase name="whenAnEmptyListIsPassedThenReturnTheListAsIs" classname="functional1.DoublingTest" time="0.0"/>
  <system-out><![CDATA[]]></system-out>
  <system-err><![CDATA[]]></system-err>
</testsuite>
