<?xml version="1.0" encoding="UTF-8"?>
<testsuite name="logic1.SquirrelPlayTest" tests="6" skipped="0" failures="0" errors="0" timestamp="2019-01-01T12:58:12" hostname="Artemass-MacBook-Pro.local" time="0.0">
  <properties/>
  <testcase name="whenTemperatureIsBelow60AndIsSummerThenReturnFalse" classname="logic1.SquirrelPlayTest" time="0.0"/>
  <testcase name="whenTemperatureIsAbove60AndNotSummerThenReturnTrue" classname="logic1.SquirrelPlayTest" time="0.0"/>
  <testcase name="whenTemperatureIsAbove60AndIsSummerThenReturnTrue" classname="logic1.SquirrelPlayTest" time="0.0"/>
  <testcase name="whenTemperatureIsAbove90AndIsNotSummerThenReturnFalse" classname="logic1.SquirrelPlayTest" time="0.0"/>
  <testcase name="whenTemperatureIsBelow60AndNotSummerThenReturnFalse" classname="logic1.SquirrelPlayTest" time="0.0"/>
  <testcase name="whenTemperatureIsAbove90AndIsSummerThenReturnTrue" classname="logic1.SquirrelPlayTest" time="0.0"/>
  <system-out><![CDATA[]]></system-out>
  <system-err><![CDATA[]]></system-err>
</testsuite>
