<?xml version="1.0" encoding="UTF-8"?>
<testsuite name="logic1.FizzString2Test" tests="4" skipped="0" failures="0" errors="0" timestamp="2019-01-01T12:58:12" hostname="Artemass-MacBook-Pro.local" time="0.0">
  <properties/>
  <testcase name="whenTheNumberPassedInIsAMultipleOf5ThenReturnBuzzExclaimed" classname="logic1.FizzString2Test" time="0.0"/>
  <testcase name="whenTheNumberPassedInIsNotAMultipleOf3ThenReturnTheNumberStringExclaimed" classname="logic1.FizzString2Test" time="0.0"/>
  <testcase name="whenTheNumberPassedInIsAMultipleOf3ThenReturnFizzExclaimed" classname="logic1.FizzString2Test" time="0.0"/>
  <testcase name="whenTheNumberPassedInIsBothDivisibleBy3And5ThenReturnFizzBuzzExclaimed" classname="logic1.FizzString2Test" time="0.0"/>
  <system-out><![CDATA[]]></system-out>
  <system-err><![CDATA[]]></system-err>
</testsuite>
