<?xml version="1.0" encoding="UTF-8"?>
<testsuite name="logic1.ShareDigitTest" tests="2" skipped="0" failures="0" errors="0" timestamp="2019-01-01T12:58:13" hostname="Artemass-MacBook-Pro.local" time="0.0">
  <properties/>
  <testcase name="whenValuesPassedInHaveNumbersThatAppearInBothValuesTheReturnTrue" classname="logic1.ShareDigitTest" time="0.0"/>
  <testcase name="whenValuesPassedInDoNotHaveNumbersThatAppearInBothValuesTheReturnFalse" classname="logic1.ShareDigitTest" time="0.0"/>
  <system-out><![CDATA[]]></system-out>
  <system-err><![CDATA[]]></system-err>
</testsuite>
