<?xml version="1.0" encoding="UTF-8"?>
<testsuite name="string1.Without2Test" tests="5" skipped="0" failures="0" errors="0" timestamp="2019-01-01T12:58:12" hostname="Artemass-MacBook-Pro.local" time="0.001">
  <properties/>
  <testcase name="whenStringPassedIsLengthLessThan2ThenReturnStringAsIs" classname="string1.Without2Test" time="0.0"/>
  <testcase name="whenStringPassedInIsOfLength2ThenReturnAnEmptyValue" classname="string1.Without2Test" time="0.0"/>
  <testcase name="whenAnEmptyStringIsPassedThenReturnAnEmptyValue" classname="string1.Without2Test" time="0.0"/>
  <testcase name="whenStringPassedDoesNotHaveTheSameCharsAtTheEndThenReturnStringAsIs" classname="string1.Without2Test" time="0.0"/>
  <testcase name="whenStringPassedDoesHaveTheSameCharsAtTheEndThenReturnStringMinusTheFirstTwoChars" classname="string1.Without2Test" time="0.0"/>
  <system-out><![CDATA[]]></system-out>
  <system-err><![CDATA[]]></system-err>
</testsuite>
