<?xml version="1.0" encoding="UTF-8"?>
<testsuite name="array1.SwapEndsTest" tests="3" skipped="0" failures="0" errors="0" timestamp="2019-01-01T12:58:12" hostname="Artemass-MacBook-Pro.local" time="0.001">
  <properties/>
  <testcase name="whenAnArraysIsPassedThenReturnASwappedArrayOfTheFirstAndLastElements" classname="array1.SwapEndsTest" time="0.001"/>
  <testcase name="whenAnArrayOfLargerLengthIsPassedThenReturnSwappedElementsOfTheFirstAndLastElement" classname="array1.SwapEndsTest" time="0.0"/>
  <testcase name="whenAnEmptyArrayIsPassedThenReturnAndEmptyArray" classname="array1.SwapEndsTest" time="0.0"/>
  <system-out><![CDATA[]]></system-out>
  <system-err><![CDATA[]]></system-err>
</testsuite>
