<?xml version="1.0" encoding="UTF-8"?>
<testsuite name="logic1.Love6Test" tests="3" skipped="0" failures="0" errors="0" timestamp="2019-01-01T12:58:13" hostname="Artemass-MacBook-Pro.local" time="0.0">
  <properties/>
  <testcase name="whenSumOfTheTwoValuesAddsUpTo6ThenReturnTrue" classname="logic1.Love6Test" time="0.0"/>
  <testcase name="whenTheDifferenceOfTheTwoValuesAddsUpTo6ThenReturnTrue" classname="logic1.Love6Test" time="0.0"/>
  <testcase name="whenOneValueHasTheValue6ThenReturnTrue" classname="logic1.Love6Test" time="0.0"/>
  <system-out><![CDATA[]]></system-out>
  <system-err><![CDATA[]]></system-err>
</testsuite>
