<?xml version="1.0" encoding="UTF-8"?>
<testsuite name="string1.HasBadTest" tests="5" skipped="0" failures="0" errors="0" timestamp="2019-01-01T12:58:12" hostname="Artemass-MacBook-Pro.local" time="0.001">
  <properties/>
  <testcase name="whenStringPassedInContainsBADFromIndex3ThenReturnFalse" classname="string1.HasBadTest" time="0.0"/>
  <testcase name="whenStringHasLengthOf2ThenReturnStringValueAsIs" classname="string1.HasBadTest" time="0.0"/>
  <testcase name="whenEmptyStringIsPassedThenReturnEmptyValue" classname="string1.HasBadTest" time="0.0"/>
  <testcase name="whenStringPassedInContainsBADOnTheSecondIndexThenReturnTrue" classname="string1.HasBadTest" time="0.0"/>
  <testcase name="whenStringPassedInContainsBADOnTheFirstIndexThenReturnTrue" classname="string1.HasBadTest" time="0.0"/>
  <system-out><![CDATA[]]></system-out>
  <system-err><![CDATA[]]></system-err>
</testsuite>
