<?xml version="1.0" encoding="UTF-8"?>
<testsuite name="logic1.LessBy10Test" tests="6" skipped="0" failures="0" errors="0" timestamp="2019-01-01T12:58:13" hostname="Artemass-MacBook-Pro.local" time="0.001">
  <properties/>
  <testcase name="whenTheLastTwoNumbersAreTenOrMoreLessThenReturnTrue" classname="logic1.LessBy10Test" time="0.0"/>
  <testcase name="whenTheFirstTwoNumbersAreNotTenOrMoreLessThenReturnFalse" classname="logic1.LessBy10Test" time="0.0"/>
  <testcase name="whenTheLastTwoNumbersAreNotTenOrMoreLessThenReturnFalse" classname="logic1.LessBy10Test" time="0.0"/>
  <testcase name="whenTheFirstAndLastNumbersAreTenOrMoreLessThenReturnTrue" classname="logic1.LessBy10Test" time="0.0"/>
  <testcase name="whenTheFirstAndLastNumbersAreNotTenOrMoreLessThenReturnFalse" classname="logic1.LessBy10Test" time="0.0"/>
  <testcase name="whenTheFirstTwoNumbersAre10OrMoreLessThenReturnTrue" classname="logic1.LessBy10Test" time="0.0"/>
  <system-out><![CDATA[]]></system-out>
  <system-err><![CDATA[]]></system-err>
</testsuite>
