<?xml version="1.0" encoding="UTF-8"?>
<testsuite name="logic1.GreenTicketTest" tests="3" skipped="0" failures="0" errors="0" timestamp="2019-01-01T12:58:12" hostname="Artemass-MacBook-Pro.local" time="0.001">
  <properties/>
  <testcase name="whenTwoOfTheNumbersAreTheSameThenReturn10" classname="logic1.GreenTicketTest" time="0.0"/>
  <testcase name="whenAllTheNumbersAreDifferentThenReturn0" classname="logic1.GreenTicketTest" time="0.0"/>
  <testcase name="whenAllTheNumbersAreTheSameThenReturn20" classname="logic1.GreenTicketTest" time="0.0"/>
  <system-out><![CDATA[]]></system-out>
  <system-err><![CDATA[]]></system-err>
</testsuite>
