<?xml version="1.0" encoding="UTF-8"?>
<testsuite name="warmup2.FrontTimesTest" tests="5" skipped="0" failures="0" errors="0" timestamp="2019-01-01T12:58:12" hostname="Artemass-MacBook-Pro.local" time="0.0">
  <properties/>
  <testcase name="whenEmptyStringIsPassedThenReturnEmptyString" classname="warmup2.FrontTimesTest" time="0.0"/>
  <testcase name="whenStringLengthIsLessThan3ThenReturnStringAsIs" classname="warmup2.FrontTimesTest" time="0.0"/>
  <testcase name="whenNonNegative0IsPassedThenReturnEmptyString" classname="warmup2.FrontTimesTest" time="0.0"/>
  <testcase name="whenNonNegative4IsPassedAndStringIsSingleLetterThenReturnCopiesOfString" classname="warmup2.FrontTimesTest" time="0.0"/>
  <testcase name="whenStringAbcIsPassedThenReturnCopiesNTimes" classname="warmup2.FrontTimesTest" time="0.0"/>
  <system-out><![CDATA[]]></system-out>
  <system-err><![CDATA[]]></system-err>
</testsuite>
