<?xml version="1.0" encoding="UTF-8"?>
<testsuite name="string2.CountHiTest" tests="4" skipped="0" failures="0" errors="0" timestamp="2019-01-01T12:58:12" hostname="Artemass-MacBook-Pro.local" time="0.001">
  <properties/>
  <testcase name="whenAStringContains_HIHI_ThenReturnCount2" classname="string2.CountHiTest" time="0.0"/>
  <testcase name="whenAStringContains_HI_ThenReturnCount1" classname="string2.CountHiTest" time="0.0"/>
  <testcase name="whenAnEmptyStringIsPassedThenReturnZero" classname="string2.CountHiTest" time="0.0"/>
  <testcase name="whenAStringContains_HI_InMultplePlacesThenReturnCountOfHi" classname="string2.CountHiTest" time="0.0"/>
  <system-out><![CDATA[]]></system-out>
  <system-err><![CDATA[]]></system-err>
</testsuite>
