<?xml version="1.0" encoding="UTF-8"?>
<testsuite name="array1.PlusTwoTest" tests="2" skipped="0" failures="0" errors="0" timestamp="2019-01-01T12:58:12" hostname="Artemass-MacBook-Pro.local" time="0.001">
  <properties/>
  <testcase name="whenAnEmptyArrayIsPassedThenReturnAnEmptyArray" classname="array1.PlusTwoTest" time="0.001"/>
  <testcase name="whenBothArraysArePassedThenReturnANewArrayContainingAllElements" classname="array1.PlusTwoTest" time="0.0"/>
  <system-out><![CDATA[]]></system-out>
  <system-err><![CDATA[]]></system-err>
</testsuite>
