<?xml version="1.0" encoding="UTF-8"?>
<testsuite name="string1.LastTwoTest" tests="4" skipped="0" failures="0" errors="0" timestamp="2019-01-01T12:58:12" hostname="Artemass-MacBook-Pro.local" time="0.0">
  <properties/>
  <testcase name="whenStringIsPassedInThenReturnStringValueWithLastCharsSwapped" classname="string1.LastTwoTest" time="0.0"/>
  <testcase name="whenEmptyStringIsPassedThenReturnEmptyValue" classname="string1.LastTwoTest" time="0.0"/>
  <testcase name="whenStringPassedInHasLength2ThenReturnStringWithSwappedValues" classname="string1.LastTwoTest" time="0.0"/>
  <testcase name="whenStringPassedHasLengthLessThan2ThenReturnStringAsIS" classname="string1.LastTwoTest" time="0.0"/>
  <system-out><![CDATA[]]></system-out>
  <system-err><![CDATA[]]></system-err>
</testsuite>
