<?xml version="1.0" encoding="UTF-8"?>
<testsuite name="logic1.In1To10Test" tests="4" skipped="0" failures="0" errors="0" timestamp="2019-01-01T12:58:13" hostname="Artemass-MacBook-Pro.local" time="0.0">
  <properties/>
  <testcase name="whenNumberIsNotInTheRangeOf10AndNotInOutsideModeThenReturnFalse" classname="logic1.In1To10Test" time="0.0"/>
  <testcase name="whenNumberIsInTheRangeOf10AndInOutsideModeThenReturnFalse" classname="logic1.In1To10Test" time="0.0"/>
  <testcase name="whenNumberIsInTheRangeOf10AndNotInOutsideModeThenReturnTrue" classname="logic1.In1To10Test" time="0.0"/>
  <testcase name="whenNumberIsNotInTheRangeOf10AndInOutsideModeThenReturnTrue" classname="logic1.In1To10Test" time="0.0"/>
  <system-out><![CDATA[]]></system-out>
  <system-err><![CDATA[]]></system-err>
</testsuite>
