<?xml version="1.0" encoding="UTF-8"?>
<testsuite name="logic1.CaughtSpeedingTest" tests="5" skipped="0" failures="0" errors="0" timestamp="2019-01-01T12:58:13" hostname="Artemass-MacBook-Pro.local" time="0.002">
  <properties/>
  <testcase name="whenSpeedIsLessThan60ThenReturn0" classname="logic1.CaughtSpeedingTest" time="0.001"/>
  <testcase name="whenSpeedIsMoreThan80AndItsNotYourBirthdayThenReturn2" classname="logic1.CaughtSpeedingTest" time="0.0"/>
  <testcase name="whenSpeedIs65AndItsYourBirthdayThenReturn0" classname="logic1.CaughtSpeedingTest" time="0.0"/>
  <testcase name="whenSpeedIs85AndItsYourBirthdayThenReturn1" classname="logic1.CaughtSpeedingTest" time="0.001"/>
  <testcase name="whenSpeedIsMoreThan60ButLessThan80AndNotYourBirthdayThenReturn1" classname="logic1.CaughtSpeedingTest" time="0.0"/>
  <system-out><![CDATA[]]></system-out>
  <system-err><![CDATA[]]></system-err>
</testsuite>
