<?xml version="1.0" encoding="UTF-8"?>
<testsuite name="warmup2.Array667Test" tests="5" skipped="0" failures="0" errors="0" timestamp="2019-01-01T12:58:12" hostname="Artemass-MacBook-Pro.local" time="0.001">
  <properties/>
  <testcase name="whenEmptyNumberIsPassedInThenReturn0" classname="warmup2.Array667Test" time="0.0"/>
  <testcase name="whenArrayContainsNumbers667ThenReturn2AsCount" classname="warmup2.Array667Test" time="0.0"/>
  <testcase name="whenArrayContainsNumber6ThenReturnZero" classname="warmup2.Array667Test" time="0.0"/>
  <testcase name="whenArrayContainsNumbers66ThenReturnOneAsCount" classname="warmup2.Array667Test" time="0.0"/>
  <testcase name="whenArrayDoesNotContainNumber6ThenReturnZero" classname="warmup2.Array667Test" time="0.001"/>
  <system-out><![CDATA[]]></system-out>
  <system-err><![CDATA[]]></system-err>
</testsuite>
