<?xml version="1.0" encoding="UTF-8"?>
<testsuite name="logic2.LoneSumTest" tests="3" skipped="0" failures="0" errors="0" timestamp="2019-01-01T12:58:12" hostname="Artemass-MacBook-Pro.local" time="0.0">
  <properties/>
  <testcase name="whenAllThreeValuesAreNotTheSameThenReturnTheSumOfValuesPassedIn" classname="logic2.LoneSumTest" time="0.0"/>
  <testcase name="whenAllTheValuesAreTheSameThenReturnZeroAsTheSum" classname="logic2.LoneSumTest" time="0.0"/>
  <testcase name="whenTwoValuesAreTheSameThenReturnTheOneDifferentValueAsTheSum" classname="logic2.LoneSumTest" time="0.0"/>
  <system-out><![CDATA[]]></system-out>
  <system-err><![CDATA[]]></system-err>
</testsuite>
