<?xml version="1.0" encoding="UTF-8"?>
<testsuite name="array1.Fix23Test" tests="3" skipped="0" failures="0" errors="0" timestamp="2019-01-01T12:58:12" hostname="Artemass-MacBook-Pro.local" time="0.001">
  <properties/>
  <testcase name="whenAnArrayOfLength3IsPassedAndContainsA2FollowedByA3AtIndex1ThenReplaceThe3WithZeroInTheArray" classname="array1.Fix23Test" time="0.0"/>
  <testcase name="whenAnArrayOfLength2IsPassedThenReturnTheArrayAsIs" classname="array1.Fix23Test" time="0.0"/>
  <testcase name="whenAnEmptyArrayIsPassedThenReturnAnEmptyArrayBack" classname="array1.Fix23Test" time="0.0"/>
  <system-out><![CDATA[]]></system-out>
  <system-err><![CDATA[]]></system-err>
</testsuite>
