<?xml version="1.0" encoding="UTF-8"?>
<testsuite name="warmup2.StringMatchTest" tests="5" skipped="0" failures="0" errors="0" timestamp="2019-01-01T12:58:12" hostname="Artemass-MacBook-Pro.local" time="0.001">
  <properties/>
  <testcase name="whenRightStringIsEmptyThenReturnZero" classname="warmup2.StringMatchTest" time="0.0"/>
  <testcase name="whenBothStringDoNotMatchInBothLeftAndRightStringThenReturnZero" classname="warmup2.StringMatchTest" time="0.0"/>
  <testcase name="whenLeftStringIsEmptyThenReturnZero" classname="warmup2.StringMatchTest" time="0.0"/>
  <testcase name="whenEmptyStringArePassedThenReturnZero" classname="warmup2.StringMatchTest" time="0.0"/>
  <testcase name="whenSubstringAppearsInBothLeftAndRightStringThenReturnCount" classname="warmup2.StringMatchTest" time="0.0"/>
  <system-out><![CDATA[]]></system-out>
  <system-err><![CDATA[]]></system-err>
</testsuite>
