<?xml version="1.0" encoding="UTF-8"?>
<testsuite name="string1.WithoutX2Test" tests="4" skipped="0" failures="0" errors="0" timestamp="2019-01-01T12:58:12" hostname="Artemass-MacBook-Pro.local" time="0.002">
  <properties/>
  <testcase name="whenEmptyStringIsPassedInThenReturnEmptyValue" classname="string1.WithoutX2Test" time="0.0"/>
  <testcase name="whenStringOfLength2ContainsXAtBothIndex1And2ThenReturnEmptyValue" classname="string1.WithoutX2Test" time="0.0"/>
  <testcase name="whenStringPassedInContainsXAtSecondIndexThenRemoveCharXInString" classname="string1.WithoutX2Test" time="0.0"/>
  <testcase name="whenStringOfLengthOneIsPassedPlusContainingXThenReturnEmptyValue" classname="string1.WithoutX2Test" time="0.001"/>
  <system-out><![CDATA[]]></system-out>
  <system-err><![CDATA[]]></system-err>
</testsuite>
