<?xml version="1.0" encoding="UTF-8"?>
<testsuite name="logic1.AlarmClockTest" tests="4" skipped="0" failures="0" errors="0" timestamp="2019-01-01T12:58:13" hostname="Artemass-MacBook-Pro.local" time="0.0">
  <properties/>
  <testcase name="whenItsAWeekdayAndNotAVacationThenReturn7Oclock" classname="logic1.AlarmClockTest" time="0.0"/>
  <testcase name="whenItsAWeekdayAndItsAVacationThenReturn10Oclock" classname="logic1.AlarmClockTest" time="0.0"/>
  <testcase name="whenItsAWeekendAndItsAVacationThenReturnOff" classname="logic1.AlarmClockTest" time="0.0"/>
  <testcase name="whenItsAWeekendAndNotAVacationThenReturn10Oclock" classname="logic1.AlarmClockTest" time="0.0"/>
  <system-out><![CDATA[]]></system-out>
  <system-err><![CDATA[]]></system-err>
</testsuite>
