<?xml version="1.0" encoding="UTF-8"?>
<testsuite name="functional2.No9Test" tests="2" skipped="0" failures="0" errors="0" timestamp="2019-01-01T12:58:13" hostname="Artemass-MacBook-Pro.local" time="0.001">
  <properties/>
  <testcase name="whenNumbersInAListHave_9_AsTheRightMostDigitThenReturnANewListWithoutThoseNumbers" classname="functional2.No9Test" time="0.001"/>
  <testcase name="whenANumberInTheListHas_9_AsTheRightMostDigitThenReturnAnEmptyList" classname="functional2.No9Test" time="0.0"/>
  <system-out><![CDATA[]]></system-out>
  <system-err><![CDATA[]]></system-err>
</testsuite>
