<?xml version="1.0" encoding="UTF-8"?>
<testsuite name="warmup2.StringYakTest" tests="4" skipped="0" failures="0" errors="0" timestamp="2019-01-01T12:58:12" hostname="Artemass-MacBook-Pro.local" time="0.001">
  <properties/>
  <testcase name="whenStringIsEmptyThenReturnEmptyString" classname="warmup2.StringYakTest" time="0.0"/>
  <testcase name="whenStringDoesNotContainYakThenReturnStringAsIs" classname="warmup2.StringYakTest" time="0.0"/>
  <testcase name="whenStringIsLessThan3InLengthThenReturnStringAsIs" classname="warmup2.StringYakTest" time="0.0"/>
  <testcase name="whenStringContainsYakThenReturnStringMinusYak" classname="warmup2.StringYakTest" time="0.001"/>
  <system-out><![CDATA[]]></system-out>
  <system-err><![CDATA[]]></system-err>
</testsuite>
