<?xml version="1.0" encoding="UTF-8"?>
<testsuite name="logic1.MaxMod5Test" tests="4" skipped="0" failures="0" errors="0" timestamp="2019-01-01T12:58:13" hostname="Artemass-MacBook-Pro.local" time="0.0">
  <properties/>
  <testcase name="whenBothValuesHaveTheSameRemainderWhenDividedBy5ThenReturnTheSmallerValue" classname="logic1.MaxMod5Test" time="0.0"/>
  <testcase name="whenTheLeftValuePassedIsGreaterThanTheRightValueThenReturnTheGreaterValue" classname="logic1.MaxMod5Test" time="0.0"/>
  <testcase name="whenBothValuesAreTheSameAndHaveTheSameRemainderThenReturn0" classname="logic1.MaxMod5Test" time="0.0"/>
  <testcase name="whenTheRightValuePassedIsGreaterThanTheLeftValueThenReturnTheGreaterValue" classname="logic1.MaxMod5Test" time="0.0"/>
  <system-out><![CDATA[]]></system-out>
  <system-err><![CDATA[]]></system-err>
</testsuite>
