<?xml version="1.0" encoding="UTF-8"?>
<testsuite name="warmup1.Program10Test" tests="4" skipped="0" failures="0" errors="0" timestamp="2019-01-01T12:58:13" hostname="Artemass-MacBook-Pro.local" time="0.001">
  <properties/>
  <testcase name="whenWordContainsThreeECharsThenReturnTrue" classname="warmup1.Program10Test" time="0.0"/>
  <testcase name="whenWordContainsMoreThanThreeECharsThenReturnFalse" classname="warmup1.Program10Test" time="0.0"/>
  <testcase name="whenEmptyStringIsPassedThenReturnFalse" classname="warmup1.Program10Test" time="0.0"/>
  <testcase name="whenWordContainsOneECharsThenReturnTrue" classname="warmup1.Program10Test" time="0.001"/>
  <system-out><![CDATA[]]></system-out>
  <system-err><![CDATA[]]></system-err>
</testsuite>
