<?xml version="1.0" encoding="UTF-8"?>
<testsuite name="array1.MaxEnd3Test" tests="3" skipped="0" failures="0" errors="0" timestamp="2019-01-01T12:58:12" hostname="Artemass-MacBook-Pro.local" time="0.001">
  <properties/>
  <testcase name="whenAnEmptyArrayIsPassedThenReturnAnEmptyArrayValue" classname="array1.MaxEnd3Test" time="0.0"/>
  <testcase name="whenAnArrayOfLength3IsPassedAndTheLastCharIsLargerThanTheFirstThenReturnArrayMadeUpOfTheLargestValue" classname="array1.MaxEnd3Test" time="0.0"/>
  <testcase name="whenAnArrayOfLength3IsPassedAndTheFirstCharIsLargerThanTheLastThenReturnArrayMadeUpOfTheLargestValue" classname="array1.MaxEnd3Test" time="0.0"/>
  <system-out><![CDATA[]]></system-out>
  <system-err><![CDATA[]]></system-err>
</testsuite>
