<?xml version="1.0" encoding="UTF-8"?>
<testsuite name="functional2.No34Test" tests="3" skipped="0" failures="0" errors="0" timestamp="2019-01-01T12:58:13" hostname="Artemass-MacBook-Pro.local" time="0.002">
  <properties/>
  <testcase name="whenAStringInAListIsLength4ThenReturnAnEmptyList" classname="functional2.No34Test" time="0.001"/>
  <testcase name="whenStringsInAListAreOfLength_3_Or_4_ThenRemoveThoseStringsFromTheList" classname="functional2.No34Test" time="0.0"/>
  <testcase name="whenAStringInAListIsLength3ThenReturnAnEmptyList" classname="functional2.No34Test" time="0.0"/>
  <system-out><![CDATA[]]></system-out>
  <system-err><![CDATA[]]></system-err>
</testsuite>
