<?xml version="1.0" encoding="UTF-8"?>
<testsuite name="recursion1.FactorialTest" tests="2" skipped="0" failures="0" errors="0" timestamp="2019-01-01T12:58:12" hostname="Artemass-MacBook-Pro.local" time="0.0">
  <properties/>
  <testcase name="when3IsPassedThenReturnFactorial_6_" classname="recursion1.FactorialTest" time="0.0"/>
  <testcase name="when4IsPassedThenReturnFactorial_24_" classname="recursion1.FactorialTest" time="0.0"/>
  <system-out><![CDATA[]]></system-out>
  <system-err><![CDATA[]]></system-err>
</testsuite>
